<?xml version="1.0" encoding="UTF-8"?>
<testsuite xmlns:xsi="http://www.w3.org/2001/XMLSchema-instance" xsi:noNamespaceSchemaLocation="https://maven.apache.org/surefire/maven-surefire-plugin/xsd/surefire-test-report.xsd" name="ISOTesting.Ejercicio3.Ejercicio3Test" time="0.119" tests="21" errors="0" skipped="0" failures="0">
  <properties>
[...]
</properties>
  <testcase name="testCalcular10" classname="ISOTesting.Ejercicio3.Ejercicio3Test" time="0.003"/>
  <testcase name="testCalcular11" classname="ISOTesting.Ejercicio3.Ejercicio3Test" time="0"/>
  <testcase name="testCalcular12" classname="ISOTesting.Ejercicio3.Ejercicio3Test" time="0.001"/>
  <testcase name="testCalcular13" classname="ISOTesting.Ejercicio3.Ejercicio3Test" time="0"/>
  <testcase name="testAlgo1" classname="ISOTesting.Ejercicio3.Ejercicio3Test" time="0"/>
  <testcase name="testAlgo2" classname="ISOTesting.Ejercicio3.Ejercicio3Test" time="0"/>
  <testcase name="testAlgo3" classname="ISOTesting.Ejercicio3.Ejercicio3Test" time="0"/>
  <testcase name="testAlgo4" classname="ISOTesting.Ejercicio3.Ejercicio3Test" time="0"/>
  <testcase name="testAlgo5" classname="ISOTesting.Ejercicio3.Ejercicio3Test" time="0"/>
  <testcase name="testAlgo6" classname="ISOTesting.Ejercicio3.Ejercicio3Test" time="0"/>
  <testcase name="testAlgo7" classname="ISOTesting.Ejercicio3.Ejercicio3Test" time="0"/>
  <testcase name="testAlgo8" classname="ISOTesting.Ejercicio3.Ejercicio3Test" time="0"/>
  <testcase name="testCalcular1" classname="ISOTesting.Ejercicio3.Ejercicio3Test" time="0"/>
  <testcase name="testCalcular2" classname="ISOTesting.Ejercicio3.Ejercicio3Test" time="0"/>
  <testcase name="testCalcular3" classname="ISOTesting.Ejercicio3.Ejercicio3Test" time="0"/>
  <testcase name="testCalcular4" classname="ISOTesting.Ejercicio3.Ejercicio3Test" time="0"/>
  <testcase name="testCalcular5" classname="ISOTesting.Ejercicio3.Ejercicio3Test" time="0.001"/>
  <testcase name="testCalcular6" classname="ISOTesting.Ejercicio3.Ejercicio3Test" time="0"/>
  <testcase name="testCalcular7" classname="ISOTesting.Ejercicio3.Ejercicio3Test" time="0"/>
  <testcase name="testCalcular8" classname="ISOTesting.Ejercicio3.Ejercicio3Test" time="0"/>
  <testcase name="testCalcular9" classname="ISOTesting.Ejercicio3.Ejercicio3Test" time="0"/>
</testsuite>